1657539760425	geckodriver	INFO	Listening on 127.0.0.1:7780
1657539763472	mozrunner::runner	INFO	Running command: "C:\\Program Files\\Mozilla Firefox\\firefox.exe" "--marionette" "-headless" "--remote-debugging-port" "7781" "--remote-allow-hosts" "localhost" "-no-remote" "-profile" "C:\\Users\\Liktor\\AppData\\Local\\Temp\\rust_mozprofileXSWR70"
*** You are running in headless mode.
1657539763778	Marionette	INFO	Marionette enabled
1657539763782	Marionette	INFO	Listening on port 7790
WebDriver BiDi listening on ws://localhost:7781
Read port: 7790
1657539763872	RemoteAgent	WARN	TLS certificate errors will be ignored for this session
[GFX1-]: RenderCompositorSWGL failed mapping default framebuffer, no dt
console.warn: SearchSettings: "get: No settings file exists, new profile?" (new NotFoundError("Could not open the file at C:\\Users\\Liktor\\AppData\\Local\\Temp\\rust_mozprofileXSWR70\\search.json.mozlz4", (void 0)))
DevTools listening on ws://localhost:7781/devtools/browser/4bde5f51-f922-4f27-9472-8567789bf2f2
1657539770032	Marionette	INFO	Stopped listening on port 7790
1658747499890	geckodriver	INFO	Listening on 127.0.0.1:11039
1658747502949	mozrunner::runner	INFO	Running command: "C:\\Program Files\\Mozilla Firefox\\firefox.exe" "--marionette" "-headless" "--remote-debugging-port" "11040" "--remote-allow-hosts" "localhost" "-no-remote" "-profile" "C:\\Users\\Liktor\\AppData\\Local\\Temp\\rust_mozprofile9kCRlX"
*** You are running in headless mode.
1658747503293	Marionette	INFO	Marionette enabled
1658747503297	Marionette	INFO	Listening on port 11062
WebDriver BiDi listening on ws://localhost:11040
Read port: 11062
1658747503513	RemoteAgent	WARN	TLS certificate errors will be ignored for this session
[GFX1-]: RenderCompositorSWGL failed mapping default framebuffer, no dt
console.warn: SearchSettings: "get: No settings file exists, new profile?" (new NotFoundError("Could not open the file at C:\\Users\\Liktor\\AppData\\Local\\Temp\\rust_mozprofile9kCRlX\\search.json.mozlz4", (void 0)))
DevTools listening on ws://localhost:11040/devtools/browser/95f2b699-49eb-41cc-97f3-5a6356b84f3e
1658747505844	Marionette	INFO	Stopped listening on port 11062
